1765442836: mosquitto version 2.0.22 starting
1765442836: Config loaded from /mosquitto/config/mosquitto.conf.
1765442836: Opening ipv4 listen socket on port 1883.
1765442836: Opening ipv6 listen socket on port 1883.
1765442836: mosquitto version 2.0.22 running
1765443257: mosquitto version 2.0.22 terminating
1765443259: mosquitto version 2.0.22 starting
1765443259: Config loaded from /mosquitto/config/mosquitto.conf.
1765443259: Opening ipv4 listen socket on port 1883.
1765443259: Opening ipv6 listen socket on port 1883.
1765443259: mosquitto version 2.0.22 running
1765443265: New connection from 172.21.0.1:42210 on port 1883.
1765443265: New client connected from 172.21.0.1:42210 as postman-mqtt-client-1765443264440 (p5, c0, k60).
1765443265: No will message specified.
1765443265: Sending CONNACK to postman-mqtt-client-1765443264440 (0, 0)
1765443265: Received SUBSCRIBE from postman-mqtt-client-1765443264440
1765443265: 	TopicControle (QoS 0)
1765443265: postman-mqtt-client-1765443264440 0 TopicControle
1765443265: Sending SUBACK to postman-mqtt-client-1765443264440
1765443293: Received PUBLISH from postman-mqtt-client-1765443264440 (d0, q0, r0, m0, 'TopicControle', ... (0 bytes))
1765443293: Sending PUBLISH to postman-mqtt-client-1765443264440 (d0, q0, r0, m0, 'TopicControle', ... (0 bytes))
1765443353: Received PINGREQ from postman-mqtt-client-1765443264440
1765443353: Sending PINGRESP to postman-mqtt-client-1765443264440
1765443413: Received PINGREQ from postman-mqtt-client-1765443264440
1765443413: Sending PINGRESP to postman-mqtt-client-1765443264440
1765443473: Received PINGREQ from postman-mqtt-client-1765443264440
1765443473: Sending PINGRESP to postman-mqtt-client-1765443264440
1765443533: Received PINGREQ from postman-mqtt-client-1765443264440
1765443533: Sending PINGRESP to postman-mqtt-client-1765443264440
1765443593: Received PINGREQ from postman-mqtt-client-1765443264440
1765443593: Sending PINGRESP to postman-mqtt-client-1765443264440
1765443653: Received PINGREQ from postman-mqtt-client-1765443264440
1765443653: Sending PINGRESP to postman-mqtt-client-1765443264440
1765443713: Received PINGREQ from postman-mqtt-client-1765443264440
1765443713: Sending PINGRESP to postman-mqtt-client-1765443264440
1765443773: Received PINGREQ from postman-mqtt-client-1765443264440
1765443773: Sending PINGRESP to postman-mqtt-client-1765443264440
1765443833: Received PINGREQ from postman-mqtt-client-1765443264440
1765443833: Sending PINGRESP to postman-mqtt-client-1765443264440
1765443893: Received PINGREQ from postman-mqtt-client-1765443264440
1765443893: Sending PINGRESP to postman-mqtt-client-1765443264440
1765443953: Received PINGREQ from postman-mqtt-client-1765443264440
1765443953: Sending PINGRESP to postman-mqtt-client-1765443264440
1765444013: Received PINGREQ from postman-mqtt-client-1765443264440
1765444013: Sending PINGRESP to postman-mqtt-client-1765443264440
1765444073: Received PINGREQ from postman-mqtt-client-1765443264440
1765444073: Sending PINGRESP to postman-mqtt-client-1765443264440
1765444133: Received PINGREQ from postman-mqtt-client-1765443264440
1765444133: Sending PINGRESP to postman-mqtt-client-1765443264440
1765444193: Received PINGREQ from postman-mqtt-client-1765443264440
1765444193: Sending PINGRESP to postman-mqtt-client-1765443264440
1765444253: Received PINGREQ from postman-mqtt-client-1765443264440
1765444253: Sending PINGRESP to postman-mqtt-client-1765443264440
1765444313: Received PINGREQ from postman-mqtt-client-1765443264440
1765444313: Sending PINGRESP to postman-mqtt-client-1765443264440
1765444373: Received PINGREQ from postman-mqtt-client-1765443264440
1765444373: Sending PINGRESP to postman-mqtt-client-1765443264440
1765444433: Received PINGREQ from postman-mqtt-client-1765443264440
1765444433: Sending PINGRESP to postman-mqtt-client-1765443264440
1765444493: Received PINGREQ from postman-mqtt-client-1765443264440
1765444493: Sending PINGRESP to postman-mqtt-client-1765443264440
1765444553: Received PINGREQ from postman-mqtt-client-1765443264440
1765444553: Sending PINGRESP to postman-mqtt-client-1765443264440
1765444613: Received PINGREQ from postman-mqtt-client-1765443264440
1765444613: Sending PINGRESP to postman-mqtt-client-1765443264440
1765444673: Received PINGREQ from postman-mqtt-client-1765443264440
1765444673: Sending PINGRESP to postman-mqtt-client-1765443264440
1765444733: Received PINGREQ from postman-mqtt-client-1765443264440
1765444733: Sending PINGRESP to postman-mqtt-client-1765443264440
1765444793: Received PINGREQ from postman-mqtt-client-1765443264440
1765444793: Sending PINGRESP to postman-mqtt-client-1765443264440
1765444853: Received PINGREQ from postman-mqtt-client-1765443264440
1765444853: Sending PINGRESP to postman-mqtt-client-1765443264440
1765444913: Received PINGREQ from postman-mqtt-client-1765443264440
1765444913: Sending PINGRESP to postman-mqtt-client-1765443264440
1765444973: Received PINGREQ from postman-mqtt-client-1765443264440
1765444973: Sending PINGRESP to postman-mqtt-client-1765443264440
1765445033: Received PINGREQ from postman-mqtt-client-1765443264440
1765445033: Sending PINGRESP to postman-mqtt-client-1765443264440
1765445093: Received PINGREQ from postman-mqtt-client-1765443264440
1765445093: Sending PINGRESP to postman-mqtt-client-1765443264440
